2020-03-24 11:37:04 - __main__ - STARTED
2020-03-24 11:37:05 - randomize - [  0   1   2   3   4   5   6   7   8   9  10  11  12  13  14  15  16  17
  18  19  20  21  22  23  24  25  26  27  28  29  30  31  32  33  34  35
  36  37  38  39  40  41  42  43  44  45  46  47  48  49  50  51  52  53
  54  55  56  57  58  59  60  61  62  63  64  65  66  67  68  69  70  71
  72  73  74  75  76  77  78  79  80  81  82  83  84  85  86  87  88  89
  90  91  92  93  94  95  96  97  98  99 100 101 102 103 104 105 106 107
 108 109 110 111 112 113 114 115 116 117 118 119 120 121 122 123]
2020-03-24 11:37:05 - sampling - 0.529114345099137
2020-03-24 11:38:01 - __main__ - STARTED
2020-03-24 11:38:01 - randomize - [  0   1   2   3   4   5   6   7   8   9  10  11  12  13  14  15  16  17
  18  19  20  21  22  23  24  25  26  27  28  29  30  31  32  33  34  35
  36  37  38  39  40  41  42  43  44  45  46  47  48  49  50  51  52  53
  54  55  56  57  58  59  60  61  62  63  64  65  66  67  68  69  70  71
  72  73  74  75  76  77  78  79  80  81  82  83  84  85  86  87  88  89
  90  91  92  93  94  95  96  97  98  99 100 101 102 103 104 105 106 107
 108 109 110 111 112 113 114 115 116 117 118 119 120 121 122 123]
2020-03-24 11:38:01 - sampling - 0.529114345099137
2020-03-24 11:38:18 - __main__ - STARTED
2020-03-24 11:38:18 - randomize - [  0   1   2   3   4   5   6   7   8   9  10  11  12  13  14  15  16  17
  18  19  20  21  22  23  24  25  26  27  28  29  30  31  32  33  34  35
  36  37  38  39  40  41  42  43  44  45  46  47  48  49  50  51  52  53
  54  55  56  57  58  59  60  61  62  63  64  65  66  67  68  69  70  71
  72  73  74  75  76  77  78  79  80  81  82  83  84  85  86  87  88  89
  90  91  92  93  94  95  96  97  98  99 100 101 102 103 104 105 106 107
 108 109 110 111 112 113 114 115 116 117 118 119 120 121 122 123]
2020-03-24 11:38:19 - sampling - 0.529114345099137
2020-03-24 11:39:34 - __main__ - STARTED
2020-03-24 11:39:34 - randomize - [  0   1   2   3   4   5   6   7   8   9  10  11  12  13  14  15  16  17
  18  19  20  21  22  23  24  25  26  27  28  29  30  31  32  33  34  35
  36  37  38  39  40  41  42  43  44  45  46  47  48  49  50  51  52  53
  54  55  56  57  58  59  60  61  62  63  64  65  66  67  68  69  70  71
  72  73  74  75  76  77  78  79  80  81  82  83  84  85  86  87  88  89
  90  91  92  93  94  95  96  97  98  99 100 101 102 103 104 105 106 107
 108 109 110 111 112 113 114 115 116 117 118 119 120 121 122 123]
2020-03-24 11:39:34 - sampling - 0.529114345099137
2020-03-24 11:40:08 - __main__ - STARTED
2020-03-24 11:40:08 - randomize - [  0   1   2   3   4   5   6   7   8   9  10  11  12  13  14  15  16  17
  18  19  20  21  22  23  24  25  26  27  28  29  30  31  32  33  34  35
  36  37  38  39  40  41  42  43  44  45  46  47  48  49  50  51  52  53
  54  55  56  57  58  59  60  61  62  63  64  65  66  67  68  69  70  71
  72  73  74  75  76  77  78  79  80  81  82  83  84  85  86  87  88  89
  90  91  92  93  94  95  96  97  98  99 100 101 102 103 104 105 106 107
 108 109 110 111 112 113 114 115 116 117 118 119 120 121 122 123]
2020-03-24 11:40:08 - sampling - 0.529114345099137
2020-03-24 11:40:09 - sampling - 0.7685987326574459
2020-03-24 11:41:12 - __main__ - STARTED
2020-03-24 11:41:12 - randomize - [  0   1   2   3   4   5   6   7   8   9  10  11  12  13  14  15  16  17
  18  19  20  21  22  23  24  25  26  27  28  29  30  31  32  33  34  35
  36  37  38  39  40  41  42  43  44  45  46  47  48  49  50  51  52  53
  54  55  56  57  58  59  60  61  62  63  64  65  66  67  68  69  70  71
  72  73  74  75  76  77  78  79  80  81  82  83  84  85  86  87  88  89
  90  91  92  93  94  95  96  97  98  99 100 101 102 103 104 105 106 107
 108 109 110 111 112 113 114 115 116 117 118 119 120 121 122 123]
2020-03-24 11:41:12 - sampling - 0.529114345099137
2020-03-24 11:41:12 - sampling - 0.7685987326574459
2020-03-24 11:41:26 - __main__ - STARTED
2020-03-24 11:41:26 - randomize - [  0   1   2   3   4   5   6   7   8   9  10  11  12  13  14  15  16  17
  18  19  20  21  22  23  24  25  26  27  28  29  30  31  32  33  34  35
  36  37  38  39  40  41  42  43  44  45  46  47  48  49  50  51  52  53
  54  55  56  57  58  59  60  61  62  63  64  65  66  67  68  69  70  71
  72  73  74  75  76  77  78  79  80  81  82  83  84  85  86  87  88  89
  90  91  92  93  94  95  96  97  98  99 100 101 102 103 104 105 106 107
 108 109 110 111 112 113 114 115 116 117 118 119 120 121 122 123]
2020-03-24 11:41:26 - sampling - 0.529114345099137
2020-03-24 11:41:26 - sampling - 0.7685987326574459
2020-03-24 11:41:26 - sampling - 0.43810008391450406
2020-03-24 11:41:27 - sampling - 0.4026212821022688
2020-03-24 11:41:27 - sampling - 0.406414057952472
2020-03-24 11:41:27 - sampling - 0.5376344041016273
2020-03-24 11:41:28 - sampling - 0.0035456890877823
2020-03-24 11:41:28 - sampling - 0.21007653833975404
2020-03-24 11:41:28 - sampling - 0.024786361898188725
2020-03-24 11:41:28 - sampling - 0.02366443470145152
2020-03-24 11:41:28 - sampling - 0.4312973996249869
2020-03-24 11:41:28 - sampling - 0.5071225040352692
2020-03-24 11:41:28 - sampling - 0.28378640499302743
2020-03-24 11:41:29 - sampling - 0.21884113681231943
2020-03-24 11:41:29 - sampling - 0.6126523227617628
2020-03-24 11:41:29 - sampling - 0.8534479505691046
2020-03-24 11:41:29 - sampling - 0.21942163462143616
2020-03-24 11:41:29 - sampling - 0.10809874965760657
2020-03-24 11:41:29 - sampling - 0.796227216600212
2020-03-24 11:41:30 - sampling - 0.4355744930038943
2020-03-24 11:41:30 - sampling - 0.34033884316428364
2020-03-24 11:41:30 - sampling - 0.27091642697619633
2020-03-24 11:41:30 - sampling - 0.4693969449305102
2020-03-24 11:41:30 - sampling - 0.947590200325378
2020-03-24 11:41:31 - sampling - 0.6476347234024807
2020-03-24 11:41:31 - sampling - 0.5950440373194047
2020-03-24 11:41:31 - sampling - 0.0913268866309852
2020-03-24 11:41:31 - sampling - 0.8577330944003526
2020-03-24 11:41:31 - sampling - 0.759990536061017
2020-03-24 11:41:32 - sampling - 0.932852255715261
2020-03-24 11:41:32 - sampling - 0.8560129759873782
2020-03-24 11:41:32 - sampling - 0.9648244383709104
2020-03-24 11:46:09 - __main__ - STARTED
2020-03-24 11:46:09 - randomize - [  0   1   2   3   4   5   6   7   8   9  10  11  12  13  14  15  16  17
  18  19  20  21  22  23  24  25  26  27  28  29  30  31  32  33  34  35
  36  37  38  39  40  41  42  43  44  45  46  47  48  49  50  51  52  53
  54  55  56  57  58  59  60  61  62  63  64  65  66  67  68  69  70  71
  72  73  74  75  76  77  78  79  80  81  82  83  84  85  86  87  88  89
  90  91  92  93  94  95  96  97  98  99 100 101 102 103 104 105 106 107
 108 109 110 111 112 113 114 115 116 117 118 119 120 121 122 123]
2020-03-24 11:46:09 - sampling - 0.529114345099137
2020-03-24 11:46:09 - sampling - 0.7685987326574459
2020-03-24 11:46:10 - sampling - 0.43810008391450406
2020-03-24 11:46:10 - sampling - 0.4026212821022688
2020-03-24 11:46:10 - sampling - 0.406414057952472
2020-03-24 11:46:11 - sampling - 0.5376344041016273
2020-03-24 11:46:11 - sampling - 0.0035456890877823
2020-03-24 11:46:11 - sampling - 0.21007653833975404
2020-03-24 11:46:11 - sampling - 0.024786361898188725
2020-03-24 11:46:11 - sampling - 0.02366443470145152
2020-03-24 11:46:12 - sampling - 0.4312973996249869
2020-03-24 11:46:12 - sampling - 0.5071225040352692
2020-03-24 11:46:12 - sampling - 0.28378640499302743
2020-03-24 11:46:12 - sampling - 0.21884113681231943
2020-03-24 11:46:12 - sampling - 0.6126523227617628
2020-03-24 11:46:12 - sampling - 0.8534479505691046
2020-03-24 11:46:12 - sampling - 0.21942163462143616
2020-03-24 11:46:13 - sampling - 0.10809874965760657
2020-03-24 11:46:13 - sampling - 0.796227216600212
2020-03-24 11:46:13 - sampling - 0.4355744930038943
2020-03-24 11:46:13 - sampling - 0.34033884316428364
2020-03-24 11:46:13 - sampling - 0.27091642697619633
2020-03-24 11:46:13 - sampling - 0.4693969449305102
2020-03-24 11:46:14 - sampling - 0.947590200325378
2020-03-24 11:46:14 - sampling - 0.6476347234024807
2020-03-24 11:46:14 - sampling - 0.5950440373194047
2020-03-24 11:46:14 - sampling - 0.0913268866309852
2020-03-24 11:46:15 - sampling - 0.8577330944003526
2020-03-24 11:46:15 - sampling - 0.759990536061017
2020-03-24 11:46:15 - sampling - 0.932852255715261
2020-03-24 11:46:15 - sampling - 0.8560129759873782
2020-03-24 11:46:16 - sampling - 0.9648244383709104
2020-03-24 11:47:09 - __main__ - STARTED
2020-03-24 11:47:09 - randomize - [  0   1   2   3   4   5   6   7   8   9  10  11  12  13  14  15  16  17
  18  19  20  21  22  23  24  25  26  27  28  29  30  31  32  33  34  35
  36  37  38  39  40  41  42  43  44  45  46  47  48  49  50  51  52  53
  54  55  56  57  58  59  60  61  62  63  64  65  66  67  68  69  70  71
  72  73  74  75  76  77  78  79  80  81  82  83  84  85  86  87  88  89
  90  91  92  93  94  95  96  97  98  99 100 101 102 103 104 105 106 107
 108 109 110 111 112 113 114 115 116 117 118 119 120 121 122 123]
2020-03-24 11:47:09 - sampling - 0.529114345099137
2020-03-24 11:47:09 - sampling - 0.7685987326574459
2020-03-24 11:47:09 - sampling - 0.43810008391450406
2020-03-24 11:47:10 - sampling - 0.4026212821022688
2020-03-24 11:47:10 - sampling - 0.406414057952472
2020-03-24 11:47:10 - sampling - 0.5376344041016273
2020-03-24 11:47:11 - sampling - 0.0035456890877823
2020-03-24 11:47:11 - sampling - 0.21007653833975404
2020-03-24 11:47:11 - sampling - 0.024786361898188725
2020-03-24 11:47:11 - sampling - 0.02366443470145152
2020-03-24 11:47:11 - sampling - 0.4312973996249869
2020-03-24 11:47:11 - sampling - 0.5071225040352692
2020-03-24 11:47:11 - sampling - 0.28378640499302743
2020-03-24 11:47:11 - sampling - 0.21884113681231943
2020-03-24 11:47:11 - sampling - 0.6126523227617628
2020-03-24 11:47:12 - sampling - 0.8534479505691046
2020-03-24 11:47:12 - sampling - 0.21942163462143616
2020-03-24 11:47:12 - sampling - 0.10809874965760657
2020-03-24 11:47:12 - sampling - 0.796227216600212
2020-03-24 11:47:12 - sampling - 0.4355744930038943
2020-03-24 11:47:12 - sampling - 0.34033884316428364
2020-03-24 11:47:13 - sampling - 0.27091642697619633
2020-03-24 11:47:13 - sampling - 0.4693969449305102
2020-03-24 11:47:13 - sampling - 0.947590200325378
2020-03-24 11:47:13 - sampling - 0.6476347234024807
2020-03-24 11:47:13 - sampling - 0.5950440373194047
2020-03-24 11:47:13 - sampling - 0.0913268866309852
2020-03-24 11:47:14 - sampling - 0.8577330944003526
2020-03-24 11:47:14 - sampling - 0.759990536061017
2020-03-24 11:47:14 - sampling - 0.932852255715261
2020-03-24 11:47:14 - sampling - 0.8560129759873782
2020-03-24 11:47:14 - sampling - 0.9648244383709104
2020-03-24 11:47:37 - __main__ - STARTED
2020-03-24 11:47:37 - randomize - [  0   1   2   3   4   5   6   7   8   9  10  11  12  13  14  15  16  17
  18  19  20  21  22  23  24  25  26  27  28  29  30  31  32  33  34  35
  36  37  38  39  40  41  42  43  44  45  46  47  48  49  50  51  52  53
  54  55  56  57  58  59  60  61  62  63  64  65  66  67  68  69  70  71
  72  73  74  75  76  77  78  79  80  81  82  83  84  85  86  87  88  89
  90  91  92  93  94  95  96  97  98  99 100 101 102 103 104 105 106 107
 108 109 110 111 112 113 114 115 116 117 118 119 120 121 122 123]
2020-03-24 11:47:37 - sampling - 0.529114345099137
2020-03-24 11:47:37 - sampling - 0.7685987326574459
2020-03-24 11:47:37 - sampling - 0.43810008391450406
2020-03-24 11:47:38 - sampling - 0.4026212821022688
2020-03-24 11:47:38 - sampling - 0.406414057952472
2020-03-24 11:47:38 - sampling - 0.5376344041016273
2020-03-24 11:47:39 - sampling - 0.0035456890877823
2020-03-24 11:47:39 - sampling - 0.21007653833975404
2020-03-24 11:47:39 - sampling - 0.024786361898188725
2020-03-24 11:47:39 - sampling - 0.02366443470145152
2020-03-24 11:47:39 - sampling - 0.4312973996249869
2020-03-24 11:47:39 - sampling - 0.5071225040352692
2020-03-24 11:47:39 - sampling - 0.28378640499302743
2020-03-24 11:47:39 - sampling - 0.21884113681231943
2020-03-24 11:47:40 - sampling - 0.6126523227617628
2020-03-24 11:47:40 - sampling - 0.8534479505691046
2020-03-24 11:47:40 - sampling - 0.21942163462143616
2020-03-24 11:47:40 - sampling - 0.10809874965760657
2020-03-24 11:47:40 - sampling - 0.796227216600212
2020-03-24 11:47:41 - sampling - 0.4355744930038943
2020-03-24 11:47:41 - sampling - 0.34033884316428364
2020-03-24 11:47:41 - sampling - 0.27091642697619633
2020-03-24 11:47:41 - sampling - 0.4693969449305102
2020-03-24 11:47:41 - sampling - 0.947590200325378
2020-03-24 11:47:41 - sampling - 0.6476347234024807
2020-03-24 11:47:41 - sampling - 0.5950440373194047
2020-03-24 11:47:42 - sampling - 0.0913268866309852
2020-03-24 11:47:42 - sampling - 0.8577330944003526
2020-03-24 11:47:42 - sampling - 0.759990536061017
2020-03-24 11:47:42 - sampling - 0.932852255715261
2020-03-24 11:47:42 - sampling - 0.8560129759873782
2020-03-24 11:47:43 - sampling - 0.9648244383709104
